API endpoint: http://localhost:8080
If you are using a library that supports the FIRESTORE_EMULATOR_HOST environment variable, run:

   export FIRESTORE_EMULATOR_HOST=localhost:8080

Dev App Server is now running.

Mar 03, 2021 10:38:05 AM io.gapi.emulators.netty.HttpVersionRoutingHandler channelRead
INFO: Detected non-HTTP/2 connection.
Mar 03, 2021 10:38:05 AM io.gapi.emulators.netty.HttpVersionRoutingHandler channelRead
INFO: Detected HTTP/2 connection.
Mar 03, 2021 10:38:16 AM io.gapi.emulators.netty.HttpVersionRoutingHandler channelRead
INFO: Detected non-HTTP/2 connection.
Mar 03, 2021 10:38:16 AM com.google.cloud.datastore.emulator.impl.util.WrappedStreamObserver onError
INFO: operation failed: Error compiling rules:
L5:35 Unexpected '('.
com.google.cloud.datastore.core.exception.DatastoreException: Error compiling rules:
L5:35 Unexpected '('.
	at com.google.cloud.datastore.emulator.impl.rules.EmulatorRulesCompiler$CompilerException.asDatastoreException(EmulatorRulesCompiler.java:105)
	at com.google.cloud.datastore.emulator.impl.rules.EmulatorRulesCompiler$EmulatorCompilationResult.checkCompilationSucceeded(EmulatorRulesCompiler.java:65)
	at com.google.cloud.datastore.emulator.impl.rules.EmulatorRulesCompiler$EmulatorCompilationResult.getAuthorizer(EmulatorRulesCompiler.java:58)
	at com.google.cloud.datastore.emulator.impl.CloudFirestoreV1.listCollectionIds(CloudFirestoreV1.java:503)
	at com.google.cloud.datastore.emulator.impl.CloudFirestoreV1Router.listCollectionIds(CloudFirestoreV1Router.java:172)
	at com.google.cloud.datastore.emulator.firestore.v1.FirestoreV1GrpcAdapter$1.lambda$listCollectionIds$11(FirestoreV1GrpcAdapter.java:190)
	at com.google.cloud.datastore.emulator.firestore.v1.FirestoreV1GrpcAdapter.unary(FirestoreV1GrpcAdapter.java:67)
	at com.google.cloud.datastore.emulator.firestore.v1.FirestoreV1GrpcAdapter.access$000(FirestoreV1GrpcAdapter.java:39)
	at com.google.cloud.datastore.emulator.firestore.v1.FirestoreV1GrpcAdapter$1.listCollectionIds(FirestoreV1GrpcAdapter.java:190)
	at com.google.firestore.v1.FirestoreGrpc$MethodHandlers.invoke(FirestoreGrpc.java:1239)
	at io.grpc.stub.ServerCalls$UnaryServerCallHandler$UnaryServerCallListener.onHalfClose(ServerCalls.java:182)
	at io.grpc.PartialForwardingServerCallListener.onHalfClose(PartialForwardingServerCallListener.java:35)
	at io.grpc.ForwardingServerCallListener.onHalfClose(ForwardingServerCallListener.java:23)
	at io.grpc.ForwardingServerCallListener$SimpleForwardingServerCallListener.onHalfClose(ForwardingServerCallListener.java:40)
	at io.grpc.Contexts$ContextualizedServerCallListener.onHalfClose(Contexts.java:86)
	at io.grpc.PartialForwardingServerCallListener.onHalfClose(PartialForwardingServerCallListener.java:35)
	at io.grpc.ForwardingServerCallListener.onHalfClose(ForwardingServerCallListener.java:23)
	at io.grpc.ForwardingServerCallListener$SimpleForwardingServerCallListener.onHalfClose(ForwardingServerCallListener.java:40)
	at io.grpc.Contexts$ContextualizedServerCallListener.onHalfClose(Contexts.java:86)
	at io.grpc.internal.ServerCallImpl$ServerStreamListenerImpl.halfClosed(ServerCallImpl.java:331)
	at io.grpc.internal.ServerImpl$JumpToApplicationThreadServerStreamListener$1HalfClosed.runInContext(ServerImpl.java:797)
	at io.grpc.internal.ContextRunnable.run(ContextRunnable.java:37)
	at io.grpc.internal.SerializingExecutor.run(SerializingExecutor.java:123)
	at java.base/java.util.concurrent.ThreadPoolExecutor.runWorker(ThreadPoolExecutor.java:1130)
	at java.base/java.util.concurrent.ThreadPoolExecutor$Worker.run(ThreadPoolExecutor.java:630)
	at java.base/java.lang.Thread.run(Thread.java:832)
Caused by: com.google.cloud.datastore.emulator.impl.rules.AutoValue_EmulatorRulesCompiler_CompilerException
	at com.google.cloud.datastore.emulator.impl.rules.EmulatorRulesCompiler$CompilerException.of(EmulatorRulesCompiler.java:91)
	... 25 more

Mar 03, 2021 10:38:16 AM io.gapi.emulators.netty.HttpHandler$1 onError
INFO: Exception when handling request: INVALID_ARGUMENT: Error compiling rules:
L5:35 Unexpected '('.
Mar 03, 2021 10:38:23 AM io.gapi.emulators.netty.HttpVersionRoutingHandler channelRead
INFO: Detected non-HTTP/2 connection.
Mar 03, 2021 10:38:23 AM io.gapi.emulators.netty.HttpVersionRoutingHandler channelRead
INFO: Detected non-HTTP/2 connection.
Mar 03, 2021 10:38:23 AM io.gapi.emulators.netty.HttpVersionRoutingHandler channelRead
INFO: Detected non-HTTP/2 connection.
Mar 03, 2021 10:38:23 AM com.google.cloud.datastore.emulator.impl.util.WrappedStreamObserver onError
INFO: operation failed: Error compiling rules:
L5:35 Unexpected '('.
com.google.cloud.datastore.core.exception.DatastoreException: Error compiling rules:
L5:35 Unexpected '('.
	at com.google.cloud.datastore.emulator.impl.rules.EmulatorRulesCompiler$CompilerException.asDatastoreException(EmulatorRulesCompiler.java:105)
	at com.google.cloud.datastore.emulator.impl.rules.EmulatorRulesCompiler$EmulatorCompilationResult.checkCompilationSucceeded(EmulatorRulesCompiler.java:65)
	at com.google.cloud.datastore.emulator.impl.rules.EmulatorRulesCompiler$EmulatorCompilationResult.getAuthorizer(EmulatorRulesCompiler.java:58)
	at com.google.cloud.datastore.emulator.impl.CloudFirestoreV1.commitHelper(CloudFirestoreV1.java:817)
	at com.google.cloud.datastore.emulator.impl.CloudFirestoreV1.internalCommit(CloudFirestoreV1.java:731)
	at com.google.cloud.datastore.emulator.impl.CloudFirestoreV1.internalCommit(CloudFirestoreV1.java:715)
	at com.google.cloud.datastore.emulator.impl.CloudFirestoreV1.write(CloudFirestoreV1.java:704)
	at com.google.cloud.datastore.emulator.impl.CloudFirestoreV1WriteStream.handleRequest(CloudFirestoreV1WriteStream.java:208)
	at com.google.cloud.datastore.emulator.impl.CloudFirestoreV1WriteStream.write(CloudFirestoreV1WriteStream.java:136)
	at com.google.cloud.datastore.emulator.impl.CloudFirestoreV1WriteStream.onNext(CloudFirestoreV1WriteStream.java:92)
	at com.google.cloud.datastore.emulator.impl.CloudFirestoreV1WriteStream.onNext(CloudFirestoreV1WriteStream.java:25)
	at com.google.cloud.datastore.emulator.firestore.webchannel.FirestoreV1WebChannelAdapter$FirestoreWriteHandler.onMessage(FirestoreV1WebChannelAdapter.java:141)
	at com.google.cloud.datastore.emulator.firestore.webchannel.FirestoreV1WebChannelAdapter$FirestoreWriteHandler.onMessage(FirestoreV1WebChannelAdapter.java:111)
	at com.google.net.webchannel.server.v8.ChannelInternalImpl.onMessage(ChannelInternalImpl.java:485)
	at com.google.net.webchannel.server.v8.ForwardChannel.deliverMessage(ForwardChannel.java:114)
	at com.google.net.webchannel.server.v8.ForwardChannel.processPendingRequest(ForwardChannel.java:93)
	at com.google.net.webchannel.server.v8.ForwardChannel.consume(ForwardChannel.java:67)
	at com.google.net.webchannel.server.v8.ForwardChannel.add(ForwardChannel.java:60)
	at com.google.net.webchannel.server.v8.ChannelInternalImpl.handleRequestParams(ChannelInternalImpl.java:260)
	at com.google.net.webchannel.server.v8.ChannelInternalImpl.processSessionRequest(ChannelInternalImpl.java:317)
	at com.google.net.webchannel.server.v8.ChannelInternalImpl.handle(ChannelInternalImpl.java:142)
	at com.google.net.webchannel.server.v8.ChannelInternalImpl.consume(ChannelInternalImpl.java:78)
	at com.google.net.webchannel.server.common.ChannelProcessor.run(ChannelProcessor.java:80)
Caused by: com.google.cloud.datastore.emulator.impl.rules.AutoValue_EmulatorRulesCompiler_CompilerException
	at com.google.cloud.datastore.emulator.impl.rules.EmulatorRulesCompiler$CompilerException.of(EmulatorRulesCompiler.java:91)
	... 22 more

Mar 03, 2021 10:38:23 AM io.gapi.emulators.netty.HttpVersionRoutingHandler channelRead
INFO: Detected non-HTTP/2 connection.
Mar 03, 2021 10:38:23 AM com.google.cloud.datastore.emulator.firestore.webchannel.FirestoreV1WebChannelAdapter$FirestoreWriteHandler onClose
INFO: channel closed
Mar 03, 2021 11:01:34 AM io.gapi.emulators.netty.HttpVersionRoutingHandler channelRead
INFO: Detected non-HTTP/2 connection.
Mar 03, 2021 11:01:34 AM com.google.cloud.datastore.emulator.impl.util.WrappedStreamObserver onError
INFO: operation failed: Error compiling rules:
L5:35 Unexpected '('.
com.google.cloud.datastore.core.exception.DatastoreException: Error compiling rules:
L5:35 Unexpected '('.
	at com.google.cloud.datastore.emulator.impl.rules.EmulatorRulesCompiler$CompilerException.asDatastoreException(EmulatorRulesCompiler.java:105)
	at com.google.cloud.datastore.emulator.impl.rules.EmulatorRulesCompiler$EmulatorCompilationResult.checkCompilationSucceeded(EmulatorRulesCompiler.java:65)
	at com.google.cloud.datastore.emulator.impl.rules.EmulatorRulesCompiler$EmulatorCompilationResult.getAuthorizer(EmulatorRulesCompiler.java:58)
	at com.google.cloud.datastore.emulator.impl.CloudFirestoreV1.listCollectionIds(CloudFirestoreV1.java:503)
	at com.google.cloud.datastore.emulator.impl.CloudFirestoreV1Router.listCollectionIds(CloudFirestoreV1Router.java:172)
	at com.google.cloud.datastore.emulator.firestore.v1.FirestoreV1GrpcAdapter$1.lambda$listCollectionIds$11(FirestoreV1GrpcAdapter.java:190)
	at com.google.cloud.datastore.emulator.firestore.v1.FirestoreV1GrpcAdapter.unary(FirestoreV1GrpcAdapter.java:67)
	at com.google.cloud.datastore.emulator.firestore.v1.FirestoreV1GrpcAdapter.access$000(FirestoreV1GrpcAdapter.java:39)
	at com.google.cloud.datastore.emulator.firestore.v1.FirestoreV1GrpcAdapter$1.listCollectionIds(FirestoreV1GrpcAdapter.java:190)
	at com.google.firestore.v1.FirestoreGrpc$MethodHandlers.invoke(FirestoreGrpc.java:1239)
	at io.grpc.stub.ServerCalls$UnaryServerCallHandler$UnaryServerCallListener.onHalfClose(ServerCalls.java:182)
	at io.grpc.PartialForwardingServerCallListener.onHalfClose(PartialForwardingServerCallListener.java:35)
	at io.grpc.ForwardingServerCallListener.onHalfClose(ForwardingServerCallListener.java:23)
	at io.grpc.ForwardingServerCallListener$SimpleForwardingServerCallListener.onHalfClose(ForwardingServerCallListener.java:40)
	at io.grpc.Contexts$ContextualizedServerCallListener.onHalfClose(Contexts.java:86)
	at io.grpc.PartialForwardingServerCallListener.onHalfClose(PartialForwardingServerCallListener.java:35)
	at io.grpc.ForwardingServerCallListener.onHalfClose(ForwardingServerCallListener.java:23)
	at io.grpc.ForwardingServerCallListener$SimpleForwardingServerCallListener.onHalfClose(ForwardingServerCallListener.java:40)
	at io.grpc.Contexts$ContextualizedServerCallListener.onHalfClose(Contexts.java:86)
	at io.grpc.internal.ServerCallImpl$ServerStreamListenerImpl.halfClosed(ServerCallImpl.java:331)
	at io.grpc.internal.ServerImpl$JumpToApplicationThreadServerStreamListener$1HalfClosed.runInContext(ServerImpl.java:797)
	at io.grpc.internal.ContextRunnable.run(ContextRunnable.java:37)
	at io.grpc.internal.SerializingExecutor.run(SerializingExecutor.java:123)
	at java.base/java.util.concurrent.ThreadPoolExecutor.runWorker(ThreadPoolExecutor.java:1130)
	at java.base/java.util.concurrent.ThreadPoolExecutor$Worker.run(ThreadPoolExecutor.java:630)
	at java.base/java.lang.Thread.run(Thread.java:832)
Caused by: com.google.cloud.datastore.emulator.impl.rules.AutoValue_EmulatorRulesCompiler_CompilerException
	at com.google.cloud.datastore.emulator.impl.rules.EmulatorRulesCompiler$CompilerException.of(EmulatorRulesCompiler.java:91)
	... 25 more

Mar 03, 2021 11:01:34 AM io.gapi.emulators.netty.HttpHandler$1 onError
INFO: Exception when handling request: INVALID_ARGUMENT: Error compiling rules:
L5:35 Unexpected '('.
Mar 03, 2021 11:01:42 AM com.google.cloud.datastore.emulator.impl.util.WrappedStreamObserver onError
INFO: operation failed: Error compiling rules:
L5:35 Unexpected '('.
com.google.cloud.datastore.core.exception.DatastoreException: Error compiling rules:
L5:35 Unexpected '('.
	at com.google.cloud.datastore.emulator.impl.rules.EmulatorRulesCompiler$CompilerException.asDatastoreException(EmulatorRulesCompiler.java:105)
	at com.google.cloud.datastore.emulator.impl.rules.EmulatorRulesCompiler$EmulatorCompilationResult.checkCompilationSucceeded(EmulatorRulesCompiler.java:65)
	at com.google.cloud.datastore.emulator.impl.rules.EmulatorRulesCompiler$EmulatorCompilationResult.getAuthorizer(EmulatorRulesCompiler.java:58)
	at com.google.cloud.datastore.emulator.impl.CloudFirestoreV1.listCollectionIds(CloudFirestoreV1.java:503)
	at com.google.cloud.datastore.emulator.impl.CloudFirestoreV1Router.listCollectionIds(CloudFirestoreV1Router.java:172)
	at com.google.cloud.datastore.emulator.firestore.v1.FirestoreV1GrpcAdapter$1.lambda$listCollectionIds$11(FirestoreV1GrpcAdapter.java:190)
	at com.google.cloud.datastore.emulator.firestore.v1.FirestoreV1GrpcAdapter.unary(FirestoreV1GrpcAdapter.java:67)
	at com.google.cloud.datastore.emulator.firestore.v1.FirestoreV1GrpcAdapter.access$000(FirestoreV1GrpcAdapter.java:39)
	at com.google.cloud.datastore.emulator.firestore.v1.FirestoreV1GrpcAdapter$1.listCollectionIds(FirestoreV1GrpcAdapter.java:190)
	at com.google.firestore.v1.FirestoreGrpc$MethodHandlers.invoke(FirestoreGrpc.java:1239)
	at io.grpc.stub.ServerCalls$UnaryServerCallHandler$UnaryServerCallListener.onHalfClose(ServerCalls.java:182)
	at io.grpc.PartialForwardingServerCallListener.onHalfClose(PartialForwardingServerCallListener.java:35)
	at io.grpc.ForwardingServerCallListener.onHalfClose(ForwardingServerCallListener.java:23)
	at io.grpc.ForwardingServerCallListener$SimpleForwardingServerCallListener.onHalfClose(ForwardingServerCallListener.java:40)
	at io.grpc.Contexts$ContextualizedServerCallListener.onHalfClose(Contexts.java:86)
	at io.grpc.PartialForwardingServerCallListener.onHalfClose(PartialForwardingServerCallListener.java:35)
	at io.grpc.ForwardingServerCallListener.onHalfClose(ForwardingServerCallListener.java:23)
	at io.grpc.ForwardingServerCallListener$SimpleForwardingServerCallListener.onHalfClose(ForwardingServerCallListener.java:40)
	at io.grpc.Contexts$ContextualizedServerCallListener.onHalfClose(Contexts.java:86)
	at io.grpc.internal.ServerCallImpl$ServerStreamListenerImpl.halfClosed(ServerCallImpl.java:331)
	at io.grpc.internal.ServerImpl$JumpToApplicationThreadServerStreamListener$1HalfClosed.runInContext(ServerImpl.java:797)
	at io.grpc.internal.ContextRunnable.run(ContextRunnable.java:37)
	at io.grpc.internal.SerializingExecutor.run(SerializingExecutor.java:123)
	at java.base/java.util.concurrent.ThreadPoolExecutor.runWorker(ThreadPoolExecutor.java:1130)
	at java.base/java.util.concurrent.ThreadPoolExecutor$Worker.run(ThreadPoolExecutor.java:630)
	at java.base/java.lang.Thread.run(Thread.java:832)
Caused by: com.google.cloud.datastore.emulator.impl.rules.AutoValue_EmulatorRulesCompiler_CompilerException
	at com.google.cloud.datastore.emulator.impl.rules.EmulatorRulesCompiler$CompilerException.of(EmulatorRulesCompiler.java:91)
	... 25 more

Mar 03, 2021 11:01:42 AM io.gapi.emulators.netty.HttpHandler$1 onError
INFO: Exception when handling request: INVALID_ARGUMENT: Error compiling rules:
L5:35 Unexpected '('.
Mar 03, 2021 11:01:52 AM io.gapi.emulators.netty.HttpVersionRoutingHandler channelRead
INFO: Detected non-HTTP/2 connection.
Mar 03, 2021 11:01:52 AM io.gapi.emulators.netty.HttpVersionRoutingHandler channelRead
INFO: Detected non-HTTP/2 connection.
Mar 03, 2021 11:01:52 AM io.gapi.emulators.netty.HttpVersionRoutingHandler channelRead
INFO: Detected non-HTTP/2 connection.
Mar 03, 2021 11:01:52 AM com.google.cloud.datastore.emulator.impl.util.WrappedStreamObserver onError
INFO: operation failed: Error compiling rules:
L5:35 Unexpected '('.
com.google.cloud.datastore.core.exception.DatastoreException: Error compiling rules:
L5:35 Unexpected '('.
	at com.google.cloud.datastore.emulator.impl.rules.EmulatorRulesCompiler$CompilerException.asDatastoreException(EmulatorRulesCompiler.java:105)
	at com.google.cloud.datastore.emulator.impl.rules.EmulatorRulesCompiler$EmulatorCompilationResult.checkCompilationSucceeded(EmulatorRulesCompiler.java:65)
	at com.google.cloud.datastore.emulator.impl.rules.EmulatorRulesCompiler$EmulatorCompilationResult.getAuthorizer(EmulatorRulesCompiler.java:58)
	at com.google.cloud.datastore.emulator.impl.CloudFirestoreV1.commitHelper(CloudFirestoreV1.java:817)
	at com.google.cloud.datastore.emulator.impl.CloudFirestoreV1.internalCommit(CloudFirestoreV1.java:731)
	at com.google.cloud.datastore.emulator.impl.CloudFirestoreV1.internalCommit(CloudFirestoreV1.java:715)
	at com.google.cloud.datastore.emulator.impl.CloudFirestoreV1.write(CloudFirestoreV1.java:704)
	at com.google.cloud.datastore.emulator.impl.CloudFirestoreV1WriteStream.handleRequest(CloudFirestoreV1WriteStream.java:208)
	at com.google.cloud.datastore.emulator.impl.CloudFirestoreV1WriteStream.write(CloudFirestoreV1WriteStream.java:136)
	at com.google.cloud.datastore.emulator.impl.CloudFirestoreV1WriteStream.onNext(CloudFirestoreV1WriteStream.java:92)
	at com.google.cloud.datastore.emulator.impl.CloudFirestoreV1WriteStream.onNext(CloudFirestoreV1WriteStream.java:25)
	at com.google.cloud.datastore.emulator.firestore.webchannel.FirestoreV1WebChannelAdapter$FirestoreWriteHandler.onMessage(FirestoreV1WebChannelAdapter.java:141)
	at com.google.cloud.datastore.emulator.firestore.webchannel.FirestoreV1WebChannelAdapter$FirestoreWriteHandler.onMessage(FirestoreV1WebChannelAdapter.java:111)
	at com.google.net.webchannel.server.v8.ChannelInternalImpl.onMessage(ChannelInternalImpl.java:485)
	at com.google.net.webchannel.server.v8.ForwardChannel.deliverMessage(ForwardChannel.java:114)
	at com.google.net.webchannel.server.v8.ForwardChannel.processPendingRequest(ForwardChannel.java:93)
	at com.google.net.webchannel.server.v8.ForwardChannel.consume(ForwardChannel.java:67)
	at com.google.net.webchannel.server.v8.ForwardChannel.add(ForwardChannel.java:60)
	at com.google.net.webchannel.server.v8.ChannelInternalImpl.handleRequestParams(ChannelInternalImpl.java:260)
	at com.google.net.webchannel.server.v8.ChannelInternalImpl.processSessionRequest(ChannelInternalImpl.java:317)
	at com.google.net.webchannel.server.v8.ChannelInternalImpl.handle(ChannelInternalImpl.java:142)
	at com.google.net.webchannel.server.v8.ChannelInternalImpl.consume(ChannelInternalImpl.java:78)
	at com.google.net.webchannel.server.common.ChannelProcessor.run(ChannelProcessor.java:80)
Caused by: com.google.cloud.datastore.emulator.impl.rules.AutoValue_EmulatorRulesCompiler_CompilerException
	at com.google.cloud.datastore.emulator.impl.rules.EmulatorRulesCompiler$CompilerException.of(EmulatorRulesCompiler.java:91)
	... 22 more

Mar 03, 2021 11:01:52 AM io.gapi.emulators.netty.HttpVersionRoutingHandler channelRead
INFO: Detected non-HTTP/2 connection.
Mar 03, 2021 11:01:52 AM com.google.cloud.datastore.emulator.firestore.webchannel.FirestoreV1WebChannelAdapter$FirestoreWriteHandler onClose
INFO: channel closed
Mar 03, 2021 11:01:54 AM com.google.cloud.datastore.emulator.impl.util.WrappedStreamObserver onError
INFO: operation failed: Error compiling rules:
L5:35 Unexpected '('.
com.google.cloud.datastore.core.exception.DatastoreException: Error compiling rules:
L5:35 Unexpected '('.
	at com.google.cloud.datastore.emulator.impl.rules.EmulatorRulesCompiler$CompilerException.asDatastoreException(EmulatorRulesCompiler.java:105)
	at com.google.cloud.datastore.emulator.impl.rules.EmulatorRulesCompiler$EmulatorCompilationResult.checkCompilationSucceeded(EmulatorRulesCompiler.java:65)
	at com.google.cloud.datastore.emulator.impl.rules.EmulatorRulesCompiler$EmulatorCompilationResult.getAuthorizer(EmulatorRulesCompiler.java:58)
	at com.google.cloud.datastore.emulator.impl.CloudFirestoreV1.listCollectionIds(CloudFirestoreV1.java:503)
	at com.google.cloud.datastore.emulator.impl.CloudFirestoreV1Router.listCollectionIds(CloudFirestoreV1Router.java:172)
	at com.google.cloud.datastore.emulator.firestore.v1.FirestoreV1GrpcAdapter$1.lambda$listCollectionIds$11(FirestoreV1GrpcAdapter.java:190)
	at com.google.cloud.datastore.emulator.firestore.v1.FirestoreV1GrpcAdapter.unary(FirestoreV1GrpcAdapter.java:67)
	at com.google.cloud.datastore.emulator.firestore.v1.FirestoreV1GrpcAdapter.access$000(FirestoreV1GrpcAdapter.java:39)
	at com.google.cloud.datastore.emulator.firestore.v1.FirestoreV1GrpcAdapter$1.listCollectionIds(FirestoreV1GrpcAdapter.java:190)
	at com.google.firestore.v1.FirestoreGrpc$MethodHandlers.invoke(FirestoreGrpc.java:1239)
	at io.grpc.stub.ServerCalls$UnaryServerCallHandler$UnaryServerCallListener.onHalfClose(ServerCalls.java:182)
	at io.grpc.PartialForwardingServerCallListener.onHalfClose(PartialForwardingServerCallListener.java:35)
	at io.grpc.ForwardingServerCallListener.onHalfClose(ForwardingServerCallListener.java:23)
	at io.grpc.ForwardingServerCallListener$SimpleForwardingServerCallListener.onHalfClose(ForwardingServerCallListener.java:40)
	at io.grpc.Contexts$ContextualizedServerCallListener.onHalfClose(Contexts.java:86)
	at io.grpc.PartialForwardingServerCallListener.onHalfClose(PartialForwardingServerCallListener.java:35)
	at io.grpc.ForwardingServerCallListener.onHalfClose(ForwardingServerCallListener.java:23)
	at io.grpc.ForwardingServerCallListener$SimpleForwardingServerCallListener.onHalfClose(ForwardingServerCallListener.java:40)
	at io.grpc.Contexts$ContextualizedServerCallListener.onHalfClose(Contexts.java:86)
	at io.grpc.internal.ServerCallImpl$ServerStreamListenerImpl.halfClosed(ServerCallImpl.java:331)
	at io.grpc.internal.ServerImpl$JumpToApplicationThreadServerStreamListener$1HalfClosed.runInContext(ServerImpl.java:797)
	at io.grpc.internal.ContextRunnable.run(ContextRunnable.java:37)
	at io.grpc.internal.SerializingExecutor.run(SerializingExecutor.java:123)
	at java.base/java.util.concurrent.ThreadPoolExecutor.runWorker(ThreadPoolExecutor.java:1130)
	at java.base/java.util.concurrent.ThreadPoolExecutor$Worker.run(ThreadPoolExecutor.java:630)
	at java.base/java.lang.Thread.run(Thread.java:832)
Caused by: com.google.cloud.datastore.emulator.impl.rules.AutoValue_EmulatorRulesCompiler_CompilerException
	at com.google.cloud.datastore.emulator.impl.rules.EmulatorRulesCompiler$CompilerException.of(EmulatorRulesCompiler.java:91)
	... 25 more

Mar 03, 2021 11:01:54 AM io.gapi.emulators.netty.HttpHandler$1 onError
INFO: Exception when handling request: INVALID_ARGUMENT: Error compiling rules:
L5:35 Unexpected '('.
Mar 03, 2021 11:02:22 AM com.google.cloud.datastore.emulator.impl.util.WrappedStreamObserver onError
INFO: operation failed: Error compiling rules:
L5:35 Unexpected '('.
com.google.cloud.datastore.core.exception.DatastoreException: Error compiling rules:
L5:35 Unexpected '('.
	at com.google.cloud.datastore.emulator.impl.rules.EmulatorRulesCompiler$CompilerException.asDatastoreException(EmulatorRulesCompiler.java:105)
	at com.google.cloud.datastore.emulator.impl.rules.EmulatorRulesCompiler$EmulatorCompilationResult.checkCompilationSucceeded(EmulatorRulesCompiler.java:65)
	at com.google.cloud.datastore.emulator.impl.rules.EmulatorRulesCompiler$EmulatorCompilationResult.getAuthorizer(EmulatorRulesCompiler.java:58)
	at com.google.cloud.datastore.emulator.impl.CloudFirestoreV1.listCollectionIds(CloudFirestoreV1.java:503)
	at com.google.cloud.datastore.emulator.impl.CloudFirestoreV1Router.listCollectionIds(CloudFirestoreV1Router.java:172)
	at com.google.cloud.datastore.emulator.firestore.v1.FirestoreV1GrpcAdapter$1.lambda$listCollectionIds$11(FirestoreV1GrpcAdapter.java:190)
	at com.google.cloud.datastore.emulator.firestore.v1.FirestoreV1GrpcAdapter.unary(FirestoreV1GrpcAdapter.java:67)
	at com.google.cloud.datastore.emulator.firestore.v1.FirestoreV1GrpcAdapter.access$000(FirestoreV1GrpcAdapter.java:39)
	at com.google.cloud.datastore.emulator.firestore.v1.FirestoreV1GrpcAdapter$1.listCollectionIds(FirestoreV1GrpcAdapter.java:190)
	at com.google.firestore.v1.FirestoreGrpc$MethodHandlers.invoke(FirestoreGrpc.java:1239)
	at io.grpc.stub.ServerCalls$UnaryServerCallHandler$UnaryServerCallListener.onHalfClose(ServerCalls.java:182)
	at io.grpc.PartialForwardingServerCallListener.onHalfClose(PartialForwardingServerCallListener.java:35)
	at io.grpc.ForwardingServerCallListener.onHalfClose(ForwardingServerCallListener.java:23)
	at io.grpc.ForwardingServerCallListener$SimpleForwardingServerCallListener.onHalfClose(ForwardingServerCallListener.java:40)
	at io.grpc.Contexts$ContextualizedServerCallListener.onHalfClose(Contexts.java:86)
	at io.grpc.PartialForwardingServerCallListener.onHalfClose(PartialForwardingServerCallListener.java:35)
	at io.grpc.ForwardingServerCallListener.onHalfClose(ForwardingServerCallListener.java:23)
	at io.grpc.ForwardingServerCallListener$SimpleForwardingServerCallListener.onHalfClose(ForwardingServerCallListener.java:40)
	at io.grpc.Contexts$ContextualizedServerCallListener.onHalfClose(Contexts.java:86)
	at io.grpc.internal.ServerCallImpl$ServerStreamListenerImpl.halfClosed(ServerCallImpl.java:331)
	at io.grpc.internal.ServerImpl$JumpToApplicationThreadServerStreamListener$1HalfClosed.runInContext(ServerImpl.java:797)
	at io.grpc.internal.ContextRunnable.run(ContextRunnable.java:37)
	at io.grpc.internal.SerializingExecutor.run(SerializingExecutor.java:123)
	at java.base/java.util.concurrent.ThreadPoolExecutor.runWorker(ThreadPoolExecutor.java:1130)
	at java.base/java.util.concurrent.ThreadPoolExecutor$Worker.run(ThreadPoolExecutor.java:630)
	at java.base/java.lang.Thread.run(Thread.java:832)
Caused by: com.google.cloud.datastore.emulator.impl.rules.AutoValue_EmulatorRulesCompiler_CompilerException
	at com.google.cloud.datastore.emulator.impl.rules.EmulatorRulesCompiler$CompilerException.of(EmulatorRulesCompiler.java:91)
	... 25 more

Mar 03, 2021 11:02:22 AM io.gapi.emulators.netty.HttpHandler$1 onError
INFO: Exception when handling request: INVALID_ARGUMENT: Error compiling rules:
L5:35 Unexpected '('.
Mar 03, 2021 11:02:26 AM com.google.cloud.datastore.emulator.impl.util.WrappedStreamObserver onError
INFO: operation failed: Error compiling rules:
L5:35 Unexpected '('.
com.google.cloud.datastore.core.exception.DatastoreException: Error compiling rules:
L5:35 Unexpected '('.
	at com.google.cloud.datastore.emulator.impl.rules.EmulatorRulesCompiler$CompilerException.asDatastoreException(EmulatorRulesCompiler.java:105)
	at com.google.cloud.datastore.emulator.impl.rules.EmulatorRulesCompiler$EmulatorCompilationResult.checkCompilationSucceeded(EmulatorRulesCompiler.java:65)
	at com.google.cloud.datastore.emulator.impl.rules.EmulatorRulesCompiler$EmulatorCompilationResult.getAuthorizer(EmulatorRulesCompiler.java:58)
	at com.google.cloud.datastore.emulator.impl.CloudFirestoreV1.listCollectionIds(CloudFirestoreV1.java:503)
	at com.google.cloud.datastore.emulator.impl.CloudFirestoreV1Router.listCollectionIds(CloudFirestoreV1Router.java:172)
	at com.google.cloud.datastore.emulator.firestore.v1.FirestoreV1GrpcAdapter$1.lambda$listCollectionIds$11(FirestoreV1GrpcAdapter.java:190)
	at com.google.cloud.datastore.emulator.firestore.v1.FirestoreV1GrpcAdapter.unary(FirestoreV1GrpcAdapter.java:67)
	at com.google.cloud.datastore.emulator.firestore.v1.FirestoreV1GrpcAdapter.access$000(FirestoreV1GrpcAdapter.java:39)
	at com.google.cloud.datastore.emulator.firestore.v1.FirestoreV1GrpcAdapter$1.listCollectionIds(FirestoreV1GrpcAdapter.java:190)
	at com.google.firestore.v1.FirestoreGrpc$MethodHandlers.invoke(FirestoreGrpc.java:1239)
	at io.grpc.stub.ServerCalls$UnaryServerCallHandler$UnaryServerCallListener.onHalfClose(ServerCalls.java:182)
	at io.grpc.PartialForwardingServerCallListener.onHalfClose(PartialForwardingServerCallListener.java:35)
	at io.grpc.ForwardingServerCallListener.onHalfClose(ForwardingServerCallListener.java:23)
	at io.grpc.ForwardingServerCallListener$SimpleForwardingServerCallListener.onHalfClose(ForwardingServerCallListener.java:40)
	at io.grpc.Contexts$ContextualizedServerCallListener.onHalfClose(Contexts.java:86)
	at io.grpc.PartialForwardingServerCallListener.onHalfClose(PartialForwardingServerCallListener.java:35)
	at io.grpc.ForwardingServerCallListener.onHalfClose(ForwardingServerCallListener.java:23)
	at io.grpc.ForwardingServerCallListener$SimpleForwardingServerCallListener.onHalfClose(ForwardingServerCallListener.java:40)
	at io.grpc.Contexts$ContextualizedServerCallListener.onHalfClose(Contexts.java:86)
	at io.grpc.internal.ServerCallImpl$ServerStreamListenerImpl.halfClosed(ServerCallImpl.java:331)
	at io.grpc.internal.ServerImpl$JumpToApplicationThreadServerStreamListener$1HalfClosed.runInContext(ServerImpl.java:797)
	at io.grpc.internal.ContextRunnable.run(ContextRunnable.java:37)
	at io.grpc.internal.SerializingExecutor.run(SerializingExecutor.java:123)
	at java.base/java.util.concurrent.ThreadPoolExecutor.runWorker(ThreadPoolExecutor.java:1130)
	at java.base/java.util.concurrent.ThreadPoolExecutor$Worker.run(ThreadPoolExecutor.java:630)
	at java.base/java.lang.Thread.run(Thread.java:832)
Caused by: com.google.cloud.datastore.emulator.impl.rules.AutoValue_EmulatorRulesCompiler_CompilerException
	at com.google.cloud.datastore.emulator.impl.rules.EmulatorRulesCompiler$CompilerException.of(EmulatorRulesCompiler.java:91)
	... 25 more

Mar 03, 2021 11:02:26 AM io.gapi.emulators.netty.HttpHandler$1 onError
INFO: Exception when handling request: INVALID_ARGUMENT: Error compiling rules:
L5:35 Unexpected '('.
Mar 03, 2021 11:02:41 AM com.google.cloud.datastore.emulator.impl.util.WrappedStreamObserver onError
INFO: operation failed: Error compiling rules:
L5:35 Unexpected '('.
com.google.cloud.datastore.core.exception.DatastoreException: Error compiling rules:
L5:35 Unexpected '('.
	at com.google.cloud.datastore.emulator.impl.rules.EmulatorRulesCompiler$CompilerException.asDatastoreException(EmulatorRulesCompiler.java:105)
	at com.google.cloud.datastore.emulator.impl.rules.EmulatorRulesCompiler$EmulatorCompilationResult.checkCompilationSucceeded(EmulatorRulesCompiler.java:65)
	at com.google.cloud.datastore.emulator.impl.rules.EmulatorRulesCompiler$EmulatorCompilationResult.getAuthorizer(EmulatorRulesCompiler.java:58)
	at com.google.cloud.datastore.emulator.impl.CloudFirestoreV1.listCollectionIds(CloudFirestoreV1.java:503)
	at com.google.cloud.datastore.emulator.impl.CloudFirestoreV1Router.listCollectionIds(CloudFirestoreV1Router.java:172)
	at com.google.cloud.datastore.emulator.firestore.v1.FirestoreV1GrpcAdapter$1.lambda$listCollectionIds$11(FirestoreV1GrpcAdapter.java:190)
	at com.google.cloud.datastore.emulator.firestore.v1.FirestoreV1GrpcAdapter.unary(FirestoreV1GrpcAdapter.java:67)
	at com.google.cloud.datastore.emulator.firestore.v1.FirestoreV1GrpcAdapter.access$000(FirestoreV1GrpcAdapter.java:39)
	at com.google.cloud.datastore.emulator.firestore.v1.FirestoreV1GrpcAdapter$1.listCollectionIds(FirestoreV1GrpcAdapter.java:190)
	at com.google.firestore.v1.FirestoreGrpc$MethodHandlers.invoke(FirestoreGrpc.java:1239)
	at io.grpc.stub.ServerCalls$UnaryServerCallHandler$UnaryServerCallListener.onHalfClose(ServerCalls.java:182)
	at io.grpc.PartialForwardingServerCallListener.onHalfClose(PartialForwardingServerCallListener.java:35)
	at io.grpc.ForwardingServerCallListener.onHalfClose(ForwardingServerCallListener.java:23)
	at io.grpc.ForwardingServerCallListener$SimpleForwardingServerCallListener.onHalfClose(ForwardingServerCallListener.java:40)
	at io.grpc.Contexts$ContextualizedServerCallListener.onHalfClose(Contexts.java:86)
	at io.grpc.PartialForwardingServerCallListener.onHalfClose(PartialForwardingServerCallListener.java:35)
	at io.grpc.ForwardingServerCallListener.onHalfClose(ForwardingServerCallListener.java:23)
	at io.grpc.ForwardingServerCallListener$SimpleForwardingServerCallListener.onHalfClose(ForwardingServerCallListener.java:40)
	at io.grpc.Contexts$ContextualizedServerCallListener.onHalfClose(Contexts.java:86)
	at io.grpc.internal.ServerCallImpl$ServerStreamListenerImpl.halfClosed(ServerCallImpl.java:331)
	at io.grpc.internal.ServerImpl$JumpToApplicationThreadServerStreamListener$1HalfClosed.runInContext(ServerImpl.java:797)
	at io.grpc.internal.ContextRunnable.run(ContextRunnable.java:37)
	at io.grpc.internal.SerializingExecutor.run(SerializingExecutor.java:123)
	at java.base/java.util.concurrent.ThreadPoolExecutor.runWorker(ThreadPoolExecutor.java:1130)
	at java.base/java.util.concurrent.ThreadPoolExecutor$Worker.run(ThreadPoolExecutor.java:630)
	at java.base/java.lang.Thread.run(Thread.java:832)
Caused by: com.google.cloud.datastore.emulator.impl.rules.AutoValue_EmulatorRulesCompiler_CompilerException
	at com.google.cloud.datastore.emulator.impl.rules.EmulatorRulesCompiler$CompilerException.of(EmulatorRulesCompiler.java:91)
	... 25 more

Mar 03, 2021 11:02:41 AM io.gapi.emulators.netty.HttpHandler$1 onError
INFO: Exception when handling request: INVALID_ARGUMENT: Error compiling rules:
L5:35 Unexpected '('.
Mar 03, 2021 11:10:51 AM io.gapi.emulators.netty.HttpVersionRoutingHandler channelRead
INFO: Detected non-HTTP/2 connection.
Mar 03, 2021 11:10:51 AM com.google.cloud.datastore.emulator.impl.util.WrappedStreamObserver onError
INFO: operation failed: Error compiling rules:
L5:35 Unexpected '('.
com.google.cloud.datastore.core.exception.DatastoreException: Error compiling rules:
L5:35 Unexpected '('.
	at com.google.cloud.datastore.emulator.impl.rules.EmulatorRulesCompiler$CompilerException.asDatastoreException(EmulatorRulesCompiler.java:105)
	at com.google.cloud.datastore.emulator.impl.rules.EmulatorRulesCompiler$EmulatorCompilationResult.checkCompilationSucceeded(EmulatorRulesCompiler.java:65)
	at com.google.cloud.datastore.emulator.impl.rules.EmulatorRulesCompiler$EmulatorCompilationResult.getAuthorizer(EmulatorRulesCompiler.java:58)
	at com.google.cloud.datastore.emulator.impl.CloudFirestoreV1.listCollectionIds(CloudFirestoreV1.java:503)
	at com.google.cloud.datastore.emulator.impl.CloudFirestoreV1Router.listCollectionIds(CloudFirestoreV1Router.java:172)
	at com.google.cloud.datastore.emulator.firestore.v1.FirestoreV1GrpcAdapter$1.lambda$listCollectionIds$11(FirestoreV1GrpcAdapter.java:190)
	at com.google.cloud.datastore.emulator.firestore.v1.FirestoreV1GrpcAdapter.unary(FirestoreV1GrpcAdapter.java:67)
	at com.google.cloud.datastore.emulator.firestore.v1.FirestoreV1GrpcAdapter.access$000(FirestoreV1GrpcAdapter.java:39)
	at com.google.cloud.datastore.emulator.firestore.v1.FirestoreV1GrpcAdapter$1.listCollectionIds(FirestoreV1GrpcAdapter.java:190)
	at com.google.firestore.v1.FirestoreGrpc$MethodHandlers.invoke(FirestoreGrpc.java:1239)
	at io.grpc.stub.ServerCalls$UnaryServerCallHandler$UnaryServerCallListener.onHalfClose(ServerCalls.java:182)
	at io.grpc.PartialForwardingServerCallListener.onHalfClose(PartialForwardingServerCallListener.java:35)
	at io.grpc.ForwardingServerCallListener.onHalfClose(ForwardingServerCallListener.java:23)
	at io.grpc.ForwardingServerCallListener$SimpleForwardingServerCallListener.onHalfClose(ForwardingServerCallListener.java:40)
	at io.grpc.Contexts$ContextualizedServerCallListener.onHalfClose(Contexts.java:86)
	at io.grpc.PartialForwardingServerCallListener.onHalfClose(PartialForwardingServerCallListener.java:35)
	at io.grpc.ForwardingServerCallListener.onHalfClose(ForwardingServerCallListener.java:23)
	at io.grpc.ForwardingServerCallListener$SimpleForwardingServerCallListener.onHalfClose(ForwardingServerCallListener.java:40)
	at io.grpc.Contexts$ContextualizedServerCallListener.onHalfClose(Contexts.java:86)
	at io.grpc.internal.ServerCallImpl$ServerStreamListenerImpl.halfClosed(ServerCallImpl.java:331)
	at io.grpc.internal.ServerImpl$JumpToApplicationThreadServerStreamListener$1HalfClosed.runInContext(ServerImpl.java:797)
	at io.grpc.internal.ContextRunnable.run(ContextRunnable.java:37)
	at io.grpc.internal.SerializingExecutor.run(SerializingExecutor.java:123)
	at java.base/java.util.concurrent.ThreadPoolExecutor.runWorker(ThreadPoolExecutor.java:1130)
	at java.base/java.util.concurrent.ThreadPoolExecutor$Worker.run(ThreadPoolExecutor.java:630)
	at java.base/java.lang.Thread.run(Thread.java:832)
Caused by: com.google.cloud.datastore.emulator.impl.rules.AutoValue_EmulatorRulesCompiler_CompilerException
	at com.google.cloud.datastore.emulator.impl.rules.EmulatorRulesCompiler$CompilerException.of(EmulatorRulesCompiler.java:91)
	... 25 more

Mar 03, 2021 11:10:51 AM io.gapi.emulators.netty.HttpHandler$1 onError
INFO: Exception when handling request: INVALID_ARGUMENT: Error compiling rules:
L5:35 Unexpected '('.
Mar 03, 2021 11:10:58 AM io.gapi.emulators.netty.HttpVersionRoutingHandler channelRead
INFO: Detected non-HTTP/2 connection.
Mar 03, 2021 11:10:58 AM io.gapi.emulators.netty.HttpVersionRoutingHandler channelRead
INFO: Detected non-HTTP/2 connection.
Mar 03, 2021 11:10:58 AM io.gapi.emulators.netty.HttpVersionRoutingHandler channelRead
INFO: Detected non-HTTP/2 connection.
Mar 03, 2021 11:10:58 AM com.google.cloud.datastore.emulator.impl.util.WrappedStreamObserver onError
INFO: operation failed: Error compiling rules:
L5:35 Unexpected '('.
com.google.cloud.datastore.core.exception.DatastoreException: Error compiling rules:
L5:35 Unexpected '('.
	at com.google.cloud.datastore.emulator.impl.rules.EmulatorRulesCompiler$CompilerException.asDatastoreException(EmulatorRulesCompiler.java:105)
	at com.google.cloud.datastore.emulator.impl.rules.EmulatorRulesCompiler$EmulatorCompilationResult.checkCompilationSucceeded(EmulatorRulesCompiler.java:65)
	at com.google.cloud.datastore.emulator.impl.rules.EmulatorRulesCompiler$EmulatorCompilationResult.getAuthorizer(EmulatorRulesCompiler.java:58)
	at com.google.cloud.datastore.emulator.impl.CloudFirestoreV1.commitHelper(CloudFirestoreV1.java:817)
	at com.google.cloud.datastore.emulator.impl.CloudFirestoreV1.internalCommit(CloudFirestoreV1.java:731)
	at com.google.cloud.datastore.emulator.impl.CloudFirestoreV1.internalCommit(CloudFirestoreV1.java:715)
	at com.google.cloud.datastore.emulator.impl.CloudFirestoreV1.write(CloudFirestoreV1.java:704)
	at com.google.cloud.datastore.emulator.impl.CloudFirestoreV1WriteStream.handleRequest(CloudFirestoreV1WriteStream.java:208)
	at com.google.cloud.datastore.emulator.impl.CloudFirestoreV1WriteStream.write(CloudFirestoreV1WriteStream.java:136)
	at com.google.cloud.datastore.emulator.impl.CloudFirestoreV1WriteStream.onNext(CloudFirestoreV1WriteStream.java:92)
	at com.google.cloud.datastore.emulator.impl.CloudFirestoreV1WriteStream.onNext(CloudFirestoreV1WriteStream.java:25)
	at com.google.cloud.datastore.emulator.firestore.webchannel.FirestoreV1WebChannelAdapter$FirestoreWriteHandler.onMessage(FirestoreV1WebChannelAdapter.java:141)
	at com.google.cloud.datastore.emulator.firestore.webchannel.FirestoreV1WebChannelAdapter$FirestoreWriteHandler.onMessage(FirestoreV1WebChannelAdapter.java:111)
	at com.google.net.webchannel.server.v8.ChannelInternalImpl.onMessage(ChannelInternalImpl.java:485)
	at com.google.net.webchannel.server.v8.ForwardChannel.deliverMessage(ForwardChannel.java:114)
	at com.google.net.webchannel.server.v8.ForwardChannel.processPendingRequest(ForwardChannel.java:93)
	at com.google.net.webchannel.server.v8.ForwardChannel.consume(ForwardChannel.java:67)
	at com.google.net.webchannel.server.v8.ForwardChannel.add(ForwardChannel.java:60)
	at com.google.net.webchannel.server.v8.ChannelInternalImpl.handleRequestParams(ChannelInternalImpl.java:260)
	at com.google.net.webchannel.server.v8.ChannelInternalImpl.processSessionRequest(ChannelInternalImpl.java:317)
	at com.google.net.webchannel.server.v8.ChannelInternalImpl.handle(ChannelInternalImpl.java:142)
	at com.google.net.webchannel.server.v8.ChannelInternalImpl.consume(ChannelInternalImpl.java:78)
	at com.google.net.webchannel.server.common.ChannelProcessor.run(ChannelProcessor.java:80)
Caused by: com.google.cloud.datastore.emulator.impl.rules.AutoValue_EmulatorRulesCompiler_CompilerException
	at com.google.cloud.datastore.emulator.impl.rules.EmulatorRulesCompiler$CompilerException.of(EmulatorRulesCompiler.java:91)
	... 22 more

Mar 03, 2021 11:10:58 AM io.gapi.emulators.netty.HttpVersionRoutingHandler channelRead
INFO: Detected non-HTTP/2 connection.
Mar 03, 2021 11:10:58 AM com.google.cloud.datastore.emulator.firestore.webchannel.FirestoreV1WebChannelAdapter$FirestoreWriteHandler onClose
INFO: channel closed
Mar 03, 2021 11:11:01 AM com.google.cloud.datastore.emulator.impl.util.WrappedStreamObserver onError
INFO: operation failed: Error compiling rules:
L5:35 Unexpected '('.
com.google.cloud.datastore.core.exception.DatastoreException: Error compiling rules:
L5:35 Unexpected '('.
	at com.google.cloud.datastore.emulator.impl.rules.EmulatorRulesCompiler$CompilerException.asDatastoreException(EmulatorRulesCompiler.java:105)
	at com.google.cloud.datastore.emulator.impl.rules.EmulatorRulesCompiler$EmulatorCompilationResult.checkCompilationSucceeded(EmulatorRulesCompiler.java:65)
	at com.google.cloud.datastore.emulator.impl.rules.EmulatorRulesCompiler$EmulatorCompilationResult.getAuthorizer(EmulatorRulesCompiler.java:58)
	at com.google.cloud.datastore.emulator.impl.CloudFirestoreV1.listCollectionIds(CloudFirestoreV1.java:503)
	at com.google.cloud.datastore.emulator.impl.CloudFirestoreV1Router.listCollectionIds(CloudFirestoreV1Router.java:172)
	at com.google.cloud.datastore.emulator.firestore.v1.FirestoreV1GrpcAdapter$1.lambda$listCollectionIds$11(FirestoreV1GrpcAdapter.java:190)
	at com.google.cloud.datastore.emulator.firestore.v1.FirestoreV1GrpcAdapter.unary(FirestoreV1GrpcAdapter.java:67)
	at com.google.cloud.datastore.emulator.firestore.v1.FirestoreV1GrpcAdapter.access$000(FirestoreV1GrpcAdapter.java:39)
	at com.google.cloud.datastore.emulator.firestore.v1.FirestoreV1GrpcAdapter$1.listCollectionIds(FirestoreV1GrpcAdapter.java:190)
	at com.google.firestore.v1.FirestoreGrpc$MethodHandlers.invoke(FirestoreGrpc.java:1239)
	at io.grpc.stub.ServerCalls$UnaryServerCallHandler$UnaryServerCallListener.onHalfClose(ServerCalls.java:182)
	at io.grpc.PartialForwardingServerCallListener.onHalfClose(PartialForwardingServerCallListener.java:35)
	at io.grpc.ForwardingServerCallListener.onHalfClose(ForwardingServerCallListener.java:23)
	at io.grpc.ForwardingServerCallListener$SimpleForwardingServerCallListener.onHalfClose(ForwardingServerCallListener.java:40)
	at io.grpc.Contexts$ContextualizedServerCallListener.onHalfClose(Contexts.java:86)
	at io.grpc.PartialForwardingServerCallListener.onHalfClose(PartialForwardingServerCallListener.java:35)
	at io.grpc.ForwardingServerCallListener.onHalfClose(ForwardingServerCallListener.java:23)
	at io.grpc.ForwardingServerCallListener$SimpleForwardingServerCallListener.onHalfClose(ForwardingServerCallListener.java:40)
	at io.grpc.Contexts$ContextualizedServerCallListener.onHalfClose(Contexts.java:86)
	at io.grpc.internal.ServerCallImpl$ServerStreamListenerImpl.halfClosed(ServerCallImpl.java:331)
	at io.grpc.internal.ServerImpl$JumpToApplicationThreadServerStreamListener$1HalfClosed.runInContext(ServerImpl.java:797)
	at io.grpc.internal.ContextRunnable.run(ContextRunnable.java:37)
	at io.grpc.internal.SerializingExecutor.run(SerializingExecutor.java:123)
	at java.base/java.util.concurrent.ThreadPoolExecutor.runWorker(ThreadPoolExecutor.java:1130)
	at java.base/java.util.concurrent.ThreadPoolExecutor$Worker.run(ThreadPoolExecutor.java:630)
	at java.base/java.lang.Thread.run(Thread.java:832)
Caused by: com.google.cloud.datastore.emulator.impl.rules.AutoValue_EmulatorRulesCompiler_CompilerException
	at com.google.cloud.datastore.emulator.impl.rules.EmulatorRulesCompiler$CompilerException.of(EmulatorRulesCompiler.java:91)
	... 25 more

Mar 03, 2021 11:11:01 AM io.gapi.emulators.netty.HttpHandler$1 onError
INFO: Exception when handling request: INVALID_ARGUMENT: Error compiling rules:
L5:35 Unexpected '('.
*** shutting down gRPC server since JVM is shutting down
*** server shut down
